<?xml version="1.0" encoding="UTF-8"?>
<!-- Generated by org.testng.reporters.JUnitReportReporter -->
<testsuite hostname="DESKTOP-G6MS6PD" failures="0" tests="4" name="com.clearcode.testsuite.TestSuite1" time="51.403" errors="0" timestamp="2020-06-24T20:51:45 IST" skipped="1">
  <testcase classname="com.clearcode.testsuite.TestSuite1" name="negativeUser" time="31.245"/>
  <testcase classname="com.clearcode.testsuite.TestSuite1" name="negativeUser" time="9.562"/>
  <testcase classname="com.clearcode.testsuite.TestSuite1" name="negativeUser" time="10.596"/>
  <testcase classname="com.clearcode.testsuite.TestSuite1" name="createUser">
    <skipped/>
  </testcase> <!-- createUser -->
</testsuite> <!-- com.clearcode.testsuite.TestSuite1 -->
